PROYECTO_FINAL_1H_G01/app/build/intermediates/manifest_merge_blame_file/debug/manifest-merger-blame-debug-report.txt
1<?xml version="1.0" encoding="utf-8"?>
2<manifest xmlns:android="http://schemas.android.com/apk/res/android"
3    package="com.example.login"
4    android:versionCode="1"
5    android:versionName="1.0" >
6
7    <uses-sdk
8        android:minSdkVersion="15"
8-->src\main\AndroidManifest.xml
9        android:targetSdkVersion="29" />
9-->src\main\AndroidManifest.xml
10
11    <uses-permission android:name="android.permission.WRITE_EXTERNAL_STORAGE" />
11-->src\main\AndroidManifest.xml:5:5-81
11-->src\main\AndroidManifest.xml:5:22-78
12    <uses-permission android:name="android.permission.INTERNET" />
12-->src\main\AndroidManifest.xml:6:5-67
12-->src\main\AndroidManifest.xml:6:22-64
13
14    <application
14-->src\main\AndroidManifest.xml:8:5-28:19
15        android:allowBackup="true"
15-->src\main\AndroidManifest.xml:9:9-35
16        android:appComponentFactory="androidx.core.app.CoreComponentFactory"
16-->[androidx.core:core:1.0.1] AndroidManifest.xml:22:18-86
17        android:debuggable="true"
18        android:icon="@mipmap/ic_launcher"
18-->src\main\AndroidManifest.xml:10:9-43
19        android:label="@string/app_name"
19-->src\main\AndroidManifest.xml:11:9-41
20        android:roundIcon="@mipmap/ic_launcher_round"
20-->src\main\AndroidManifest.xml:12:9-54
21        android:supportsRtl="true"
21-->src\main\AndroidManifest.xml:13:9-35
22        android:testOnly="true"
23        android:theme="@style/Theme.AppCompat.Light.NoActionBar" >
23-->src\main\AndroidManifest.xml:14:9-65
24        <activity android:name="ec.edu.uce.optativa3.controlador.activity_form" />
24-->src\main\AndroidManifest.xml:15:9-92
24-->src\main\AndroidManifest.xml:15:19-80
25        <activity android:name="ec.edu.uce.optativa3.controlador.item_list_data" />
25-->src\main\AndroidManifest.xml:16:9-84
25-->src\main\AndroidManifest.xml:16:19-81
26        <activity android:name="ec.edu.uce.optativa3.controlador.guardarActivity" />
26-->src\main\AndroidManifest.xml:17:9-85
26-->src\main\AndroidManifest.xml:17:19-82
27        <activity android:name="ec.edu.uce.optativa3.controlador.Inicio" />
27-->src\main\AndroidManifest.xml:18:9-76
27-->src\main\AndroidManifest.xml:18:19-73
28        <activity android:name="ec.edu.uce.optativa3.controlador.Mostrar" />
28-->src\main\AndroidManifest.xml:19:9-77
28-->src\main\AndroidManifest.xml:19:19-74
29        <activity android:name="ec.edu.uce.optativa3.controlador.Registrar" />
29-->src\main\AndroidManifest.xml:20:9-79
29-->src\main\AndroidManifest.xml:20:19-76
30        <activity android:name="ec.edu.uce.optativa3.controlador.MainActivity" >
30-->src\main\AndroidManifest.xml:21:9-27:20
30-->src\main\AndroidManifest.xml:21:19-79
31            <intent-filter>
31-->src\main\AndroidManifest.xml:22:13-26:29
32                <action android:name="android.intent.action.MAIN" />
32-->src\main\AndroidManifest.xml:23:17-69
32-->src\main\AndroidManifest.xml:23:25-66
33
34                <category android:name="android.intent.category.LAUNCHER" />
34-->src\main\AndroidManifest.xml:25:17-77
34-->src\main\AndroidManifest.xml:25:27-74
35            </intent-filter>
36        </activity>
37
38        <provider
38-->[com.kbeanie:multipicker:1.5] AndroidManifest.xml:12:9-20:20
39            android:name="com.kbeanie.multipicker.utils.AMPFileProvider"
39-->[com.kbeanie:multipicker:1.5] AndroidManifest.xml:13:13-73
40            android:authorities="com.example.login.multipicker.fileprovider"
40-->[com.kbeanie:multipicker:1.5] AndroidManifest.xml:14:13-76
41            android:exported="false"
41-->[com.kbeanie:multipicker:1.5] AndroidManifest.xml:15:13-37
42            android:grantUriPermissions="true" >
42-->[com.kbeanie:multipicker:1.5] AndroidManifest.xml:16:13-47
43            <meta-data
43-->[com.kbeanie:multipicker:1.5] AndroidManifest.xml:17:13-19:49
44                android:name="android.support.FILE_PROVIDER_PATHS"
44-->[com.kbeanie:multipicker:1.5] AndroidManifest.xml:18:17-67
45                android:resource="@xml/paths" />
45-->[com.kbeanie:multipicker:1.5] AndroidManifest.xml:19:17-46
46        </provider>
47    </application>
48
49</manifest>